<?xml version="1.0" encoding="UTF-8"?>
<!-- Generated by org.testng.reporters.JUnitXMLReporter -->
<testsuite ignored="8" hostname="Ezeiatech" failures="1" tests="15" name="Test" time="132.938" errors="0" timestamp="2025-07-15T14:38:16 IST">
  <testcase classname="Testcases.LoginTest" name="verifyemptyEmail" time="7.199"/>
  <testcase classname="Testcases.LoginTest" name="verifyemptyPass" time="4.605"/>
  <testcase classname="Testcases.ForgotTest" name="verifyemptyEmail" time="2.346"/>
  <testcase classname="Testcases.ForgotTest" name="verifyIncorrEmail" time="24.02"/>
  <testcase classname="Testcases.ForgotTest" name="verifyCorrEmail" time="23.058"/>
  <testcase classname="Testcases.ForgotTest" name="verifyEmptyOtpForm" time="2.973"/>
  <testcase classname="Testcases.ForgotTest" name="verifyEnterValidOtp" time="48.874">
    <failure type="org.openqa.selenium.TimeoutException" message="Expected condition failed: waiting for visibility of Proxy element for: DefaultElementLocator &amp;apos;By.xpath: //android.widget.TextView[@text=&amp;quot;Please enter a valid OTP.&amp;quot;]&amp;apos; (tried for 10 second(s) with 500 milliseconds interval)">
      <![CDATA[org.openqa.selenium.TimeoutException: Expected condition failed: waiting for visibility of Proxy element for: DefaultElementLocator 'By.xpath: //android.widget.TextView[@text="Please enter a valid OTP."]' (tried for 10 second(s) with 500 milliseconds interval)
at org.openqa.selenium.support.ui.WebDriverWait.timeoutException(WebDriverWait.java:84)
at org.openqa.selenium.support.ui.FluentWait.until(FluentWait.java:228)
at PageObject.ForgotPage.enterValidOtpToast(ForgotPage.java:116)
at Testcases.ForgotTest.verifyEnterValidOtp(ForgotTest.java:89)
at java.base/java.util.ArrayList.forEach(ArrayList.java:1596)
Caused by: org.openqa.selenium.NoSuchElementException: An element could not be located on the page using the given search parameters.
For documentation on this error, please visit: https://www.selenium.dev/documentation/webdriver/troubleshooting/errors#no-such-element-exception
Build info: version: '4.33.0', revision: '2c6aaad03a'
System info: os.name: 'Windows 11', os.arch: 'amd64', os.version: '10.0', java.version: '21.0.5'
Driver info: io.appium.java_client.android.AndroidDriver
Command: [c8a589b4-b7dc-491b-906d-9ffe6931a865, findElement {value=//android.widget.TextView[@text="Please enter a valid OTP."], using=xpath}]
Capabilities {appium:app: C:\Users\Sachin Kumar\First..., appium:appActivity: com.odio.MainActivity, appium:appPackage: com.odio, appium:automationName: UIAutomator2, appium:databaseEnabled: false, appium:desired: {app: C:\Users\Sachin Kumar\First..., automationName: UIAutomator2, deviceName: Medium, platformName: ANDROID}, appium:deviceApiLevel: 36, appium:deviceManufacturer: Google, appium:deviceModel: sdk_gphone64_x86_64, appium:deviceName: emulator-5554, appium:deviceScreenDensity: 420, appium:deviceScreenSize: 1080x2400, appium:deviceUDID: emulator-5554, appium:javascriptEnabled: true, appium:locationContextEnabled: false, appium:networkConnectionEnabled: true, appium:pixelRatio: 2.625, appium:platformVersion: 16, appium:statBarHeight: 63, appium:takesScreenshot: true, appium:viewportRect: {height: 2337, left: 0, top: 63, width: 1080}, appium:warnings: {}, appium:webStorageEnabled: false, platformName: ANDROID}
Session ID: c8a589b4-b7dc-491b-906d-9ffe6931a865
at org.openqa.selenium.remote.ErrorCodec.decode(ErrorCodec.java:167)
at org.openqa.selenium.remote.codec.w3c.W3CHttpResponseCodec.decode(W3CHttpResponseCodec.java:138)
at org.openqa.selenium.remote.codec.w3c.W3CHttpResponseCodec.decode(W3CHttpResponseCodec.java:50)
at org.openqa.selenium.remote.HttpCommandExecutor.execute(HttpCommandExecutor.java:215)
at io.appium.java_client.remote.AppiumCommandExecutor.execute(AppiumCommandExecutor.java:237)
at org.openqa.selenium.remote.RemoteWebDriver.execute(RemoteWebDriver.java:544)
at org.openqa.selenium.remote.ElementLocation$ElementFinder$2.findElement(ElementLocation.java:165)
at org.openqa.selenium.remote.ElementLocation.findElement(ElementLocation.java:59)
at org.openqa.selenium.remote.RemoteWebDriver.findElement(RemoteWebDriver.java:367)
at org.openqa.selenium.remote.RemoteWebDriver.findElement(RemoteWebDriver.java:361)
at org.openqa.selenium.support.pagefactory.DefaultElementLocator.findElement(DefaultElementLocator.java:68)
at org.openqa.selenium.support.pagefactory.internal.LocatingElementHandler.invoke(LocatingElementHandler.java:38)
at jdk.proxy2/jdk.proxy2.$Proxy14.isDisplayed(Unknown Source)
at org.openqa.selenium.support.ui.ExpectedConditions.elementIfVisible(ExpectedConditions.java:304)
at org.openqa.selenium.support.ui.ExpectedConditions$10.apply(ExpectedConditions.java:290)
at org.openqa.selenium.support.ui.ExpectedConditions$10.apply(ExpectedConditions.java:287)
at org.openqa.selenium.support.ui.FluentWait.until(FluentWait.java:203)
... 28 more
... Removed 28 stack frames]]>
    </failure>
  </testcase> <!-- verifyEnterValidOtp -->
  <testcase classname="Testcases.ForgotTest" name="verifyInvalidFormatPass" time="5.345"/>
  <testcase classname="Testcases.ForgotTest" name="VerifyPassNotMatch" time="2.857"/>
  <testcase classname="Testcases.ForgotTest" name="VerifyLoginBackBtn" time="0.186"/>
  <testcase classname="Testcases.HomeTest" name="verifyLogin" time="3.217"/>
  <testcase classname="Testcases.ProfileTest" name="verifyMenuClick" time="2.352"/>
  <testcase classname="Testcases.ProfileTest" name="verifyProfileClick" time="1.523"/>
  <testcase classname="Testcases.LogoutTest" name="VerifyToggleBtn" time="1.73"/>
  <testcase classname="Testcases.LogoutTest" name="VerifyLogout" time="2.43"/>
  <testcase classname="Testcases.BasicServer" name="@BeforeSuite ConfigAppium" time="0.0">
    <ignored/>
  </testcase> <!-- @BeforeSuite ConfigAppium -->
  <testcase classname="Testcases.BasicServer" name="@AfterSuite tearDown" time="0.0">
    <ignored/>
  </testcase> <!-- @AfterSuite tearDown -->
  <testcase classname="Testcases.BasicServer" name="@BeforeSuite ConfigAppium" time="0.0">
    <ignored/>
  </testcase> <!-- @BeforeSuite ConfigAppium -->
  <testcase classname="Testcases.BasicServer" name="@AfterSuite tearDown" time="0.0">
    <ignored/>
  </testcase> <!-- @AfterSuite tearDown -->
  <testcase classname="Testcases.BasicServer" name="@AfterSuite tearDown" time="0.0">
    <ignored/>
  </testcase> <!-- @AfterSuite tearDown -->
  <testcase classname="Testcases.BasicServer" name="@AfterSuite tearDown" time="0.0">
    <ignored/>
  </testcase> <!-- @AfterSuite tearDown -->
  <testcase classname="Testcases.BasicServer" name="@BeforeSuite ConfigAppium" time="0.0">
    <ignored/>
  </testcase> <!-- @BeforeSuite ConfigAppium -->
  <testcase classname="Testcases.BasicServer" name="@BeforeSuite ConfigAppium" time="0.0">
    <ignored/>
  </testcase> <!-- @BeforeSuite ConfigAppium -->
</testsuite> <!-- Test -->
